<?xml version="1.0" encoding="UTF-8" ?>
<testsuite tests="10" failures="0" name="TestSuite" time="16.293" errors="0" skipped="0">
  <properties>
    <property name="idea.version" value="2021.3.1"/>
    <property name="java.runtime.name" value="OpenJDK Runtime Environment"/>
    <property name="java.vm.version" value="17.0.2+8-86"/>
    <property name="sun.boot.library.path" value="C:\Users\snegv\.jdks\openjdk-17.0.2\bin"/>
    <property name="maven.multiModuleProjectDirectory" value="C:\Users\snegv\IdeaProjects\com.demoWebShop"/>
    <property name="java.vm.vendor" value="Oracle Corporation"/>
    <property name="java.vendor.url" value="https://java.oracle.com/"/>
    <property name="guice.disable.misplaced.annotation.check" value="true"/>
    <property name="path.separator" value=";"/>
    <property name="java.vm.name" value="OpenJDK 64-Bit Server VM"/>
    <property name="sun.os.patch.level" value=""/>
    <property name="user.script" value=""/>
    <property name="user.country" value="RU"/>
    <property name="sun.java.launcher" value="SUN_STANDARD"/>
    <property name="java.vm.specification.name" value="Java Virtual Machine Specification"/>
    <property name="user.dir" value="C:\Users\snegv\IdeaProjects\com.demoWebShop"/>
    <property name="java.vm.compressedOopsMode" value="Zero based"/>
    <property name="java.runtime.version" value="17.0.2+8-86"/>
    <property name="os.arch" value="amd64"/>
    <property name="java.io.tmpdir" value="C:\Users\snegv\AppData\Local\Temp\"/>
    <property name="line.separator" value="
"/>
    <property name="java.vm.specification.vendor" value="Oracle Corporation"/>
    <property name="user.variant" value=""/>
    <property name="os.name" value="Windows 10"/>
    <property name="maven.ext.class.path" value="C:\Program Files\JetBrains\IntelliJ IDEA Community Edition 2021.3.1\plugins\maven\lib\maven-event-listener.jar"/>
    <property name="classworlds.conf" value="C:\Program Files\JetBrains\IntelliJ IDEA Community Edition 2021.3.1\plugins\maven\lib\maven3\bin\m2.conf"/>
    <property name="sun.jnu.encoding" value="Cp1251"/>
    <property name="java.library.path" value="C:\Users\snegv\.jdks\openjdk-17.0.2\bin;C:\Windows\Sun\Java\bin;C:\Windows\system32;C:\Windows;C:\Program Files\Common Files\Oracle\Java\javapath;C:\Windows\system32;C:\Windows;C:\Windows\System32\Wbem;C:\Windows\System32\WindowsPowerShell\v1.0\;C:\Windows\System32\OpenSSH\;C:\Program Files\NVIDIA Corporation\NVIDIA NvDLISR;C:\Program Files (x86)\NVIDIA Corporation\PhysX\Common;C:\Program Files\Git\cmd;C:\Program Files\apache-maven-3.8.5\bin;C:\Users\snegv\scoop\shims;C:\Users\snegv\AppData\Local\Microsoft\WindowsApps;;C:\Users\snegv\AppData\Local\Programs\Microsoft VS Code\bin;C:\Program Files\JetBrains\IntelliJ IDEA Community Edition 2021.3.1\bin;;."/>
    <property name="maven.conf" value="C:\Program Files\JetBrains\IntelliJ IDEA Community Edition 2021.3.1\plugins\maven\lib\maven3/conf"/>
    <property name="jdk.debug" value="release"/>
    <property name="java.class.version" value="61.0"/>
    <property name="java.specification.name" value="Java Platform API Specification"/>
    <property name="sun.management.compiler" value="HotSpot 64-Bit Tiered Compilers"/>
    <property name="os.version" value="10.0"/>
    <property name="user.home" value="C:\Users\snegv"/>
    <property name="user.timezone" value="Europe/Moscow"/>
    <property name="file.encoding" value="UTF-8"/>
    <property name="java.specification.version" value="17"/>
    <property name="user.name" value="snegv"/>
    <property name="java.class.path" value="C:\Program Files\JetBrains\IntelliJ IDEA Community Edition 2021.3.1\plugins\maven\lib\maven3\boot\plexus-classworlds-2.6.0.jar;C:\Program Files\JetBrains\IntelliJ IDEA Community Edition 2021.3.1\plugins\maven\lib\maven3\boot\plexus-classworlds.license"/>
    <property name="java.vm.specification.version" value="17"/>
    <property name="sun.arch.data.model" value="64"/>
    <property name="sun.java.command" value="org.codehaus.classworlds.Launcher -Didea.version=2021.3.1 clean validate compile test"/>
    <property name="java.home" value="C:\Users\snegv\.jdks\openjdk-17.0.2"/>
    <property name="user.language" value="ru"/>
    <property name="java.specification.vendor" value="Oracle Corporation"/>
    <property name="java.vm.info" value="mixed mode, sharing"/>
    <property name="java.version" value="17.0.2"/>
    <property name="native.encoding" value="Cp1251"/>
    <property name="java.vendor" value="Oracle Corporation"/>
    <property name="maven.home" value="C:\Program Files\JetBrains\IntelliJ IDEA Community Edition 2021.3.1\plugins\maven\lib\maven3"/>
    <property name="file.separator" value="\"/>
    <property name="java.version.date" value="2022-01-18"/>
    <property name="java.vendor.url.bug" value="https://bugreport.java.com/bugreport/"/>
    <property name="sun.io.unicode.encoding" value="UnicodeLittle"/>
    <property name="sun.cpu.endian" value="little"/>
    <property name="sun.cpu.isalist" value="amd64"/>
  </properties>
  <testcase classname="TestPage.RegistrationTest.Negative.ValidationRegistrationFieldTest" name="RegistrationWithEmptyField" time="2.454"/>
  <testcase classname="TestPage.RegistrationTest.Negative.ValidationRegistrationFieldTest" name="RegistrationWithOutEmail" time="0.645"/>
  <testcase classname="TestPage.RegistrationTest.Negative.ValidationRegistrationFieldTest" name="RegistrationWithOutPassword" time="0.556"/>
  <testcase classname="TestPage.RegistrationTest.Negative.ValidationRegistrationFieldTest" name="RegistrationWithReusingEmail" time="1.139"/>
  <testcase classname="TestPage.RegistrationTest.Negative.ValidationRegistrationFieldTest" name="RegistrationWithScriptInjection" time="0.993"/>
  <testcase classname="TestPage.RegistrationTest.Negative.ValidationRegistrationFieldTest" name="RegistrationWithSpaceOnNames" time="0.613"/>
  <testcase classname="TestPage.RegistrationTest.Positive.StatesAndTransitionTest" name="CheckConfirmDataAfterRegistration" time="3.435"/>
  <testcase classname="TestPage.RegistrationTest.Positive.StatesAndTransitionTest" name="LoginWithCorrectData" time="2.309"/>
  <testcase classname="TestPage.RegistrationTest.Positive.ValidationRegistrationFieldTest" name="RegistrationWithGenderFemale" time="2.464"/>
  <testcase classname="TestPage.RegistrationTest.Positive.ValidationRegistrationFieldTest" name="RegistrationWithOutGender" time="1.685"/>
</testsuite>