<?xml version="1.0" encoding="UTF-8"?>
<!-- Generated by org.testng.reporters.JUnitReportReporter -->
<testsuite hostname="DESKTOP-TDN32S1" failures="0" tests="6" name="TestPage.RegistrationTest.Negative.ValidationRegistrationFieldTest" time="6.401" errors="0" timestamp="2022-04-25T14:48:01 MSK" skipped="0">
  <testcase classname="TestPage.RegistrationTest.Negative.ValidationRegistrationFieldTest" name="RegistrationWithOutEmail" time="0.647"/>
  <system-out/>
  <testcase classname="TestPage.RegistrationTest.Negative.ValidationRegistrationFieldTest" name="RegistrationWithSpaceOnNames" time="0.611"/>
  <system-out/>
  <testcase classname="TestPage.RegistrationTest.Negative.ValidationRegistrationFieldTest" name="RegistrationWithReusingEmail" time="1.141"/>
  <system-out/>
  <testcase classname="TestPage.RegistrationTest.Negative.ValidationRegistrationFieldTest" name="RegistrationWithEmptyField" time="2.453"/>
  <system-out/>
  <testcase classname="TestPage.RegistrationTest.Negative.ValidationRegistrationFieldTest" name="RegistrationWithOutPassword" time="0.556"/>
  <system-out/>
  <testcase classname="TestPage.RegistrationTest.Negative.ValidationRegistrationFieldTest" name="RegistrationWithScriptInjection" time="0.993"/>
  <system-out/>
</testsuite> <!-- TestPage.RegistrationTest.Negative.ValidationRegistrationFieldTest -->
