<?xml version="1.0" encoding="UTF-8"?>
<!-- Generated by org.testng.reporters.JUnitReportReporter -->
<testsuite hostname="DESKTOP-TDN32S1" failures="0" tests="2" name="TestPage.RegistrationTest.Positive.StatesAndTransitionTest" time="5.745" errors="0" timestamp="2022-04-25T14:48:01 MSK" skipped="0">
  <testcase classname="TestPage.RegistrationTest.Positive.StatesAndTransitionTest" name="LoginWithCorrectData" time="2.310"/>
  <system-out/>
  <testcase classname="TestPage.RegistrationTest.Positive.StatesAndTransitionTest" name="CheckConfirmDataAfterRegistration" time="3.435"/>
  <system-out/>
</testsuite> <!-- TestPage.RegistrationTest.Positive.StatesAndTransitionTest -->
