<?xml version="1.0" encoding="UTF-8"?>
<!-- Generated by org.testng.reporters.JUnitReportReporter -->
<testsuite hostname="DESKTOP-TDN32S1" failures="0" tests="2" name="TestPage.RegistrationTest.Positive.ValidationRegistrationFieldTest" time="4.149" errors="0" timestamp="2022-04-25T14:48:01 MSK" skipped="0">
  <testcase classname="TestPage.RegistrationTest.Positive.ValidationRegistrationFieldTest" name="RegistrationWithOutGender" time="1.685"/>
  <system-out/>
  <testcase classname="TestPage.RegistrationTest.Positive.ValidationRegistrationFieldTest" name="RegistrationWithGenderFemale" time="2.464"/>
  <system-out/>
</testsuite> <!-- TestPage.RegistrationTest.Positive.ValidationRegistrationFieldTest -->
